<?xml version="1.0" encoding="UTF-8"?>
<testsuite xmlns:xsi="http://www.w3.org/2001/XMLSchema-instance" xsi:noNamespaceSchemaLocation="https://maven.apache.org/surefire/maven-surefire-plugin/xsd/surefire-test-report-3.0.xsd" version="3.0" name="org.wj.prajumsook.RunAccountIntegrationTest" time="0.594" tests="3" errors="0" skipped="0" failures="0">
  <properties>
[...]
</properties>
  <testcase name="As a login user, I should be able to see all my accounts" classname="Bank account" time="0.436">
    <system-out><![CDATA[
Scenario: As a login user, I should be able to see all my accounts &amp#27;[90m# account/account.feature:3&amp#27;[0m
  &amp#27;[32mGiven &amp#27;[0m&amp#27;[32mI want to view all my account&amp#27;[0m                              &amp#27;[90m# org.wj.prajumsook.StepDefinitions.i_want_to_view_all_my_account()&amp#27;[0m
  &amp#27;[32mWhen &amp#27;[0m&amp#27;[32mI view Account tab in Web page&amp#27;[0m                              &amp#27;[90m# org.wj.prajumsook.StepDefinitions.i_view_account_tab_in_web_page()&amp#27;[0m
  &amp#27;[32mThen &amp#27;[0m&amp#27;[32mI should see all my account&amp#27;[0m                                 &amp#27;[90m# org.wj.prajumsook.StepDefinitions.i_should_see_all_my_account()&amp#27;[0m
]]></system-out>
  </testcase>
  <testcase name="As a login user, I should be able to create a new accounts" classname="Bank account" time="0.032">
    <system-out><![CDATA[
Scenario: As a login user, I should be able to create a new accounts &amp#27;[90m# account/account.feature:8&amp#27;[0m
  &amp#27;[32mGiven &amp#27;[0m&amp#27;[32mI want to create a new account&amp#27;[0m                               &amp#27;[90m# org.wj.prajumsook.StepDefinitions.i_want_to_create_a_new_account()&amp#27;[0m
  &amp#27;[32mWhen &amp#27;[0m&amp#27;[32mI create a new account&amp#27;[0m                                        &amp#27;[90m# org.wj.prajumsook.StepDefinitions.i_create_a_new_account()&amp#27;[0m
  &amp#27;[32mThen &amp#27;[0m&amp#27;[32mMy account should be created&amp#27;[0m                                  &amp#27;[90m# org.wj.prajumsook.StepDefinitions.my_account_should_be_created()&amp#27;[0m
]]></system-out>
  </testcase>
  <testcase name="As a login user, I should be able to see one of my account" classname="Bank account" time="0.021">
    <system-out><![CDATA[
Scenario: As a login user, I should be able to see one of my account &amp#27;[90m# account/account.feature:13&amp#27;[0m
  &amp#27;[32mGiven &amp#27;[0m&amp#27;[32mI want to view one of my account&amp#27;[0m                             &amp#27;[90m# org.wj.prajumsook.StepDefinitions.i_want_to_view_one_of_my_account()&amp#27;[0m
  &amp#27;[32mWhen &amp#27;[0m&amp#27;[32mI request to view an account with account id&amp#27;[0m                  &amp#27;[90m# org.wj.prajumsook.StepDefinitions.i_request_to_view_an_account_with_account_id()&amp#27;[0m
  &amp#27;[32mThen &amp#27;[0m&amp#27;[32mI should see my account&amp#27;[0m                                       &amp#27;[90m# org.wj.prajumsook.StepDefinitions.i_should_see_my_account()&amp#27;[0m
]]></system-out>
  </testcase>
</testsuite>